<?xml version="1.0" encoding="UTF-8"?>
<!-- Generated by org.testng.reporters.JUnitReportReporter -->
<testsuite skipped="0" hostname="DESKTOP-UV3GUN9" name="com.yatra.runner.Runner" tests="4" failures="0" timestamp="2021-09-10T17:20:42 IST" time="76.972" errors="0">
  <testcase name="loadsite" time="11.520" classname="com.yatra.runner.Runner"/>
  <system-out/>
  <testcase name="search" time="50.367" classname="com.yatra.runner.Runner"/>
  <system-out/>
  <testcase name="landingpage" time="5.377" classname="com.yatra.runner.Runner"/>
  <system-out/>
  <testcase name="page" time="9.708" classname="com.yatra.runner.Runner"/>
  <system-out/>
</testsuite> <!-- com.yatra.runner.Runner -->
